<?xml version="1.0" encoding="UTF-8"?>
<testng-results total="2" passed="2" failed="0" skipped="0">
  <reporter-output>
  </reporter-output>
  <suite started-at="2020-01-23T10:54:43Z" name="Default suite" finished-at="2020-01-23T10:54:45Z" duration-ms="2196">
    <groups>
      <group name="cucumber">
        <method signature="TestRunner.feature(cucumber.api.testng.CucumberFeatureWrapper)[pri:0, instance:TestRunner@449a4f23]" name="feature" class="TestRunner"/>
      </group> <!-- cucumber -->
    </groups>
    <test started-at="2020-01-23T10:54:43Z" name="Default test" finished-at="2020-01-23T10:54:45Z" duration-ms="2196">
      <class name="TestRunner">
        <test-method is-config="true" signature="setUpClass()[pri:0, instance:TestRunner@449a4f23]" started-at="2020-01-23T11:54:43Z" name="setUpClass" finished-at="2020-01-23T11:54:44Z" duration-ms="1195" status="PASS">
          <reporter-output>
          </reporter-output>
        </test-method> <!-- setUpClass -->
        <test-method signature="feature(cucumber.api.testng.CucumberFeatureWrapper)[pri:0, instance:TestRunner@449a4f23]" started-at="2020-01-23T11:54:44Z" name="feature" description="Runs Cucumber Feature" data-provider="features" finished-at="2020-01-23T11:54:45Z" duration-ms="889" status="PASS">
          <params>
            <param index="0">
              <value>
                <![CDATA[modifier l'adresse d'un abonné?]]>
              </value>
            </param>
          </params>
          <reporter-output>
          </reporter-output>
        </test-method> <!-- feature -->
        <test-method signature="modificationAdresse()[pri:0, instance:TestRunner@449a4f23]" started-at="2020-01-23T11:54:45Z" name="modificationAdresse" finished-at="2020-01-23T11:54:45Z" duration-ms="28" status="PASS">
          <reporter-output>
          </reporter-output>
        </test-method> <!-- modificationAdresse -->
        <test-method is-config="true" signature="tearDownClass()[pri:0, instance:TestRunner@449a4f23]" started-at="2020-01-23T11:54:45Z" name="tearDownClass" finished-at="2020-01-23T11:54:45Z" duration-ms="1" status="PASS">
          <reporter-output>
          </reporter-output>
        </test-method> <!-- tearDownClass -->
      </class> <!-- TestRunner -->
    </test> <!-- Default test -->
  </suite> <!-- Default suite -->
</testng-results>
